<?xml version="1.0" encoding="UTF-8"?>
<!-- Generated by org.testng.reporters.JUnitReportReporter -->
<testsuite hostname="Afrinas-MacBook-Air.local" failures="0" tests="1" name="com.test.tests.Homepagetest" time="108.472" errors="0" timestamp="27 Mar 2022 14:47:36 GMT">
  <testcase classname="com.test.tests.Homepagetest" name="Verifylinks" time="108.472"/>
</testsuite> <!-- com.test.tests.Homepagetest -->
